<?xml version="1.0" encoding="UTF-8"?>
<!-- Generated by org.testng.reporters.JUnitReportReporter -->
<testsuite hostname="DESKTOP-UKQNCR0" failures="0" tests="1" name="Runner.Rubyat_Test_Runner$RunCucumberTest" time="0.135" errors="0" timestamp="2022-03-24T16:53:55 EDT" skipped="1">
  <testcase classname="Runner.Rubyat_Test_Runner$RunCucumberTest" name="runScenario" time="0.135">
    <skipped/>
  </testcase> <!-- runScenario -->
  <system-out/>
</testsuite> <!-- Runner.Rubyat_Test_Runner$RunCucumberTest -->
