<?xml version="1.0" encoding="UTF-8"?>
<!-- Generated by org.testng.reporters.JUnitReportReporter -->
<testsuite hostname="DESKTOP-UKQNCR0" failures="0" tests="1" name="Runner.Reg_Runner_Rubyat$RunCucumberTest" time="0.073" errors="0" timestamp="2022-03-24T10:58:55 EDT" skipped="1">
  <testcase classname="Runner.Reg_Runner_Rubyat$RunCucumberTest" name="runScenario" time="0.073">
    <skipped/>
  </testcase> <!-- runScenario -->
  <system-out/>
</testsuite> <!-- Runner.Reg_Runner_Rubyat$RunCucumberTest -->
